<?xml version="1.0" encoding="UTF-8"?>
<testng-results skipped="0" failed="0" ignored="0" total="1" passed="1">
  <reporter-output>
  </reporter-output>
  <suite name="Suite" duration-ms="20576" started-at="2022-03-12T06:44:24Z" finished-at="2022-03-12T06:44:44Z">
    <groups>
    </groups>
    <test name="Test" duration-ms="20576" started-at="2022-03-12T06:44:24Z" finished-at="2022-03-12T06:44:44Z">
      <class name="sample1.Test1">
        <test-method status="PASS" signature="validateGoogle()[pri:0, instance:sample1.Test1@17550481]" name="validateGoogle" duration-ms="20514" started-at="2022-03-12T12:14:24Z" finished-at="2022-03-12T12:14:44Z">
          <reporter-output>
          </reporter-output>
        </test-method> <!-- validateGoogle -->
      </class> <!-- sample1.Test1 -->
    </test> <!-- Test -->
  </suite> <!-- Suite -->
</testng-results>
