<?xml version="1.0" encoding="UTF-8"?>
<testng-results skipped="0" failed="0" ignored="0" total="1" passed="1">
  <reporter-output>
  </reporter-output>
  <suite name="Default suite" duration-ms="21102" started-at="2022-03-06T06:03:29Z" finished-at="2022-03-06T06:03:50Z">
    <groups>
    </groups>
    <test name="Default test" duration-ms="21102" started-at="2022-03-06T06:03:29Z" finished-at="2022-03-06T06:03:50Z">
      <class name="sample2.Test1">
        <test-method status="PASS" signature="validateGoogle()[pri:0, instance:sample2.Test1@13805618]" name="validateGoogle" duration-ms="21030" started-at="2022-03-06T11:33:29Z" finished-at="2022-03-06T11:33:50Z">
          <reporter-output>
          </reporter-output>
        </test-method> <!-- validateGoogle -->
      </class> <!-- sample2.Test1 -->
    </test> <!-- Default test -->
  </suite> <!-- Default suite -->
</testng-results>
